Determining if the pthread_create exist failed with the following output:
Change Dir: /home/marcgenevat/catkin_ws/src/CamBot/cambot_subscriber/build/CMakeFiles/CMakeTmp

Run Build Command:/usr/bin/make "cmTryCompileExec1854759840/fast"
/usr/bin/make -f CMakeFiles/cmTryCompileExec1854759840.dir/build.make CMakeFiles/cmTryCompileExec1854759840.dir/build
make[1]: Entering directory `/home/marcgenevat/catkin_ws/src/CamBot/cambot_subscriber/build/CMakeFiles/CMakeTmp'
/usr/bin/cmake -E cmake_progress_report /home/marcgenevat/catkin_ws/src/CamBot/cambot_subscriber/build/CMakeFiles/CMakeTmp/CMakeFiles 1
Building C object CMakeFiles/cmTryCompileExec1854759840.dir/CheckSymbolExists.c.o
/usr/bin/cc    -o CMakeFiles/cmTryCompileExec1854759840.dir/CheckSymbolExists.c.o   -c /home/marcgenevat/catkin_ws/src/CamBot/cambot_subscriber/build/CMakeFiles/CMakeTmp/CheckSymbolExists.c
Linking C executable cmTryCompileExec1854759840
/usr/bin/cmake -E cmake_link_script CMakeFiles/cmTryCompileExec1854759840.dir/link.txt --verbose=1
/usr/bin/cc       CMakeFiles/cmTryCompileExec1854759840.dir/CheckSymbolExists.c.o  -o cmTryCompileExec1854759840 -rdynamic 
CMakeFiles/cmTryCompileExec1854759840.dir/CheckSymbolExists.c.o: In function `main':
CheckSymbolExists.c:(.text+0x16): undefined reference to `pthread_create'
collect2: error: ld returned 1 exit status
make[1]: *** [cmTryCompileExec1854759840] Error 1
make[1]: Leaving directory `/home/marcgenevat/catkin_ws/src/CamBot/cambot_subscriber/build/CMakeFiles/CMakeTmp'
make: *** [cmTryCompileExec1854759840/fast] Error 2

File /home/marcgenevat/catkin_ws/src/CamBot/cambot_subscriber/build/CMakeFiles/CMakeTmp/CheckSymbolExists.c:
/* */
#include <pthread.h>

int main(int argc, char** argv)
{
  (void)argv;
#ifndef pthread_create
  return ((int*)(&pthread_create))[argc];
#else
  (void)argc;
  return 0;
#endif
}

Determining if the function pthread_create exists in the pthreads failed with the following output:
Change Dir: /home/marcgenevat/catkin_ws/src/CamBot/cambot_subscriber/build/CMakeFiles/CMakeTmp

Run Build Command:/usr/bin/make "cmTryCompileExec1755417013/fast"
/usr/bin/make -f CMakeFiles/cmTryCompileExec1755417013.dir/build.make CMakeFiles/cmTryCompileExec1755417013.dir/build
make[1]: Entering directory `/home/marcgenevat/catkin_ws/src/CamBot/cambot_subscriber/build/CMakeFiles/CMakeTmp'
/usr/bin/cmake -E cmake_progress_report /home/marcgenevat/catkin_ws/src/CamBot/cambot_subscriber/build/CMakeFiles/CMakeTmp/CMakeFiles 1
Building C object CMakeFiles/cmTryCompileExec1755417013.dir/CheckFunctionExists.c.o
/usr/bin/cc   -DCHECK_FUNCTION_EXISTS=pthread_create   -o CMakeFiles/cmTryCompileExec1755417013.dir/CheckFunctionExists.c.o   -c /usr/share/cmake-2.8/Modules/CheckFunctionExists.c
Linking C executable cmTryCompileExec1755417013
/usr/bin/cmake -E cmake_link_script CMakeFiles/cmTryCompileExec1755417013.dir/link.txt --verbose=1
/usr/bin/cc   -DCHECK_FUNCTION_EXISTS=pthread_create    CMakeFiles/cmTryCompileExec1755417013.dir/CheckFunctionExists.c.o  -o cmTryCompileExec1755417013 -rdynamic -lpthreads 
/usr/bin/ld: cannot find -lpthreads
collect2: error: ld returned 1 exit status
make[1]: *** [cmTryCompileExec1755417013] Error 1
make[1]: Leaving directory `/home/marcgenevat/catkin_ws/src/CamBot/cambot_subscriber/build/CMakeFiles/CMakeTmp'
make: *** [cmTryCompileExec1755417013/fast] Error 2


